C51 COMPILER V9.00   LCD1602                                                               03/31/2013 17:13:30 PAGE 1   


C51 COMPILER V9.00, COMPILATION OF MODULE LCD1602
OBJECT MODULE PLACED IN lcd1602.OBJ
COMPILER INVOKED BY: D:\Program Files\Keil C\C51\BIN\C51.EXE lcd1602.c BROWSE DEBUG OBJECTEXTEND

line level    source

   1          
   2          
   3          /*******************************定义字符数组********************************/
   4          
   5          unsigned char code dis1[] = {"www.hificat.com"};
   6          unsigned char code dis2[] = {"0571-85956028"};
   7          
   8          /*****************************************************************************
   9          函数名称：lcd_bz
  10          函数功能：检测lcd显示是否繁忙
  11          入口参数: 无    
  12          出口参数：result，忙为1，闲为0
  13          *****************************************************************************/
  14          
  15          bit lcd_bz(void)
  16          {
  17   1              bit result;
  18   1              rs = 0;
*** ERROR C202 IN LINE 18 OF LCD1602.C: 'rs': undefined identifier
  19   1              rw = 1;
*** ERROR C202 IN LINE 19 OF LCD1602.C: 'rw': undefined identifier
  20   1              ep = 1;
*** ERROR C202 IN LINE 20 OF LCD1602.C: 'ep': undefined identifier
  21   1              _nop_();
  22   1              _nop_();
  23   1              _nop_();
  24   1              _nop_();
  25   1              result = (bit)(P0 & 0x80);
  26   1              ep = 0;
  27   1              return result;
  28   1      }
  29          
  30          /*****************************************************************************
  31          函数名称：lcd_wcmd
  32          函数功能：lcd写指令
  33          入口参数: cmd    
  34          出口参数：无
  35          *****************************************************************************/
  36          
  37          void lcd_wcmd(uchar cmd)
  38          {
  39   1              while(lcd_bz());//判断LCD是否忙碌
  40   1              rs = 0;
  41   1              rw = 0;
  42   1              ep = 0;
  43   1              _nop_();
  44   1              _nop_();
  45   1              P0 = cmd;
  46   1              _nop_();
  47   1              _nop_();
  48   1              _nop_();
  49   1              _nop_();
  50   1              ep = 1;
  51   1              _nop_();
  52   1              _nop_();
C51 COMPILER V9.00   LCD1602                                                               03/31/2013 17:13:30 PAGE 2   

  53   1              _nop_();
  54   1              _nop_();
  55   1              ep = 0;
  56   1      
  57   1      }
  58          
  59          /*****************************************************************************
  60          函数名称：lcd_wdat
  61          函数功能：lcd写数据
  62          入口参数: dat    
  63          出口参数：无
  64          *****************************************************************************/
  65          
  66          void lcd_wdat(uchar dat)
  67          {
  68   1              while(lcd_bz());//判断LCD是否忙碌
  69   1              rs = 1;
  70   1              rw = 0;
  71   1              ep = 0;
  72   1              P0 = dat;
  73   1              _nop_();
  74   1              _nop_();
  75   1              _nop_();
  76   1              _nop_();
  77   1              ep = 1;
  78   1              _nop_();
  79   1              _nop_();
  80   1              _nop_();
  81   1              _nop_();
  82   1              ep = 0;
  83   1      
  84   1      }
  85          
  86          /*****************************************************************************
  87          函数名称：lcd_disp_char
  88          函数功能：lcd显示一个字符
  89          入口参数: x，y，dat   
  90          出口参数：无
  91          *****************************************************************************/
  92          
  93          void lcd_disp_char(uchar x,uchar y,uchar dat)      // y为1时候是第一行，否则为第二行
  94          
  95          {
  96   1              uchar address ;
  97   1              if(y==1)
  98   1              {
  99   2                      address=0x80+x ;  //显示在第一排的时候x的地址
 100   2              }
 101   1              else
 102   1              {
 103   2                      address=0xc0+x ;   //显示在第二排的时候x的地址
 104   2              }
 105   1      
 106   1              lcd_wcmd(address);
 107   1              lcd_wdat(dat);
 108   1      
 109   1      }
 110          
 111          /*****************************************************************************
 112          函数名称：lcd_disp_str
 113          函数功能：lcd显示一个字符串
 114          入口参数: column，line，*str   
C51 COMPILER V9.00   LCD1602                                                               03/31/2013 17:13:30 PAGE 3   

 115          出口参数：无
 116          *****************************************************************************/
 117          
 118          void LCD_disp_str(uchar column,uchar line,uchar *str)
 119          {
 120   1              uchar n=0;
 121   1      
 122   1              while(*str!='\0')
 123   1              {
 124   2                      lcd_disp_char(column++,line,*str++);
 125   2              }
 126   1      
 127   1      }
 128          
 129          /*****************************************************************************
 130          函数名称：lcd_init
 131          函数功能：lcd初始化
 132          入口参数: 无    
 133          出口参数：无
 134          *****************************************************************************/
 135          
 136          void lcd_init(void)
 137          {
 138   1              lcd_wcmd(0x38);
 139   1              delay(1);
 140   1              lcd_wcmd(0x0c);
 141   1              delay(1);
 142   1              lcd_wcmd(0x06);
 143   1              delay(1);
 144   1              lcd_wcmd(0x01);
 145   1              delay(1);
 146   1      
 147   1      }

C51 COMPILATION COMPLETE.  0 WARNING(S),  3 ERROR(S)
