C51 COMPILER V9.00   MQ9                                                                   03/31/2013 17:13:30 PAGE 1   


C51 COMPILER V9.00, COMPILATION OF MODULE MQ9
OBJECT MODULE PLACED IN mq9.OBJ
COMPILER INVOKED BY: D:\Program Files\Keil C\C51\BIN\C51.EXE mq9.c BROWSE DEBUG OBJECTEXTEND

line level    source

   1          
   2          
   3          /*****************************************************************************
   4          函数名称：mq9_dat
   5          函数功能：mq9传入数据
   6          入口参数: 无    
   7          出口参数：dat
   8          *****************************************************************************/
   9          
  10          uchar get_mq9(void)
*** ERROR C129 IN LINE 10 OF MQ9.C: missing ';' before 'get_mq9'
  11          {        
  12                  uchar mq9;
  13          
  14                  mq9=d0;
  15                  delay(50);
  16                  clearBuff();
  17          
  18                  return mq9;
  19          
  20          }

C51 COMPILATION COMPLETE.  0 WARNING(S),  1 ERROR(S)
